info it worked if it ends with ok
verbose cli [ 'node', '/usr/bin/npm', 'install', 'fs' ]
info using npm@1.1.24
info using node@v0.6.12
verbose config file /home/tuxracer/.npmrc
verbose config file /usr/etc/npmrc
verbose config file /usr/lib/node_modules/npm/npmrc
verbose caching /var/apps/dailyblocks/app/node_modules/request/package.json
verbose caching /var/apps/dailyblocks/app/node_modules/feedparser/package.json
verbose cache add [ 'fs', null ]
silly cache add: name, spec, args [ undefined, 'fs', [ 'fs', null ] ]
verbose parsed url { pathname: 'fs', path: 'fs', href: 'fs' }
verbose addNamed [ 'fs', '' ]
verbose addNamed [ null, '' ]
silly name, range, hasData [ 'fs', '', false ]
verbose raw, before any munging fs
verbose url resolving [ 'https://registry.npmjs.org/', './fs' ]
verbose url resolved https://registry.npmjs.org/fs
http GET https://registry.npmjs.org/fs
http 404 https://registry.npmjs.org/fs
silly get cb [ 404,
silly get cb   { server: 'CouchDB/1.2.0 (Erlang OTP/R15B)',
silly get cb     date: 'Thu, 14 Jun 2012 04:47:53 GMT',
silly get cb     'content-type': 'application/json',
silly get cb     'content-length': '52',
silly get cb     'cache-control': 'must-revalidate' } ]
ERR! 404 'fs' is not in the npm registry.
ERR! 404 You should bug the author to publish it
ERR! 404 Note that you can also install from a
ERR! 404 tarball, folder, or http url, or git url.
ERR! 
ERR! System Linux 3.2.0-24-generic
ERR! command "node" "/usr/bin/npm" "install" "fs"
ERR! cwd /var/apps/dailyblocks/app
ERR! node -v v0.6.12
ERR! npm -v 1.1.24
ERR! code E404
ERR! message 404 Not Found: fs
ERR! errno {}
verbose exit [ 1, true ]
